{"name": "Переход в раздел «История заказов»", "status": "broken", "statusDetails": {"message": "selenium.common.exceptions.ElementClickInterceptedException: Message: element click intercepted: Element <p class=\"AppHeader_header__linkText__3q_va ml-2\">...</p> is not clickable at point (1181, 44). Other element would receive the click: <div class=\"Modal_modal_overlay__x2ZCr\"></div>\n  (Session info: chrome=130.0.6723.92)\nStacktrace:\n\tGetHandleVerifier [0x00007FF7538B3AB5+28005]\n\t(No symbol) [0x00007FF7538183B0]\n\t(No symbol) [0x00007FF7536B580A]\n\t(No symbol) [0x00007FF75370D6CE]\n\t(No symbol) [0x00007FF75370B16C]\n\t(No symbol) [0x00007FF753708628]\n\t(No symbol) [0x00007FF75370785D]\n\t(No symbol) [0x00007FF7536F990E]\n\t(No symbol) [0x00007FF75372BA3A]\n\t(No symbol) [0x00007FF7536F9246]\n\t(No symbol) [0x00007FF75372BC50]\n\t(No symbol) [0x00007FF75374B8B3]\n\t(No symbol) [0x00007FF75372B7E3]\n\t(No symbol) [0x00007FF7536F75C8]\n\t(No symbol) [0x00007FF7536F8731]\n\tGetHandleVerifier [0x00007FF753BA643D+3118829]\n\tGetHandleVerifier [0x00007FF753BF6C90+3448640]\n\tGetHandleVerifier [0x00007FF753BECF0D+3408317]\n\tGetHandleVerifier [0x00007FF75397A40B+841403]\n\t(No symbol) [0x00007FF75382340F]\n\t(No symbol) [0x00007FF75381F484]\n\t(No symbol) [0x00007FF75381F61D]\n\t(No symbol) [0x00007FF75380EB79]\n\tBaseThreadInitThunk [0x00007FFDB6CA257D+29]\n\tRtlUserThreadStart [0x00007FFDB888AF08+40]", "trace": "self = <tests.test_Personal_account.TestPersonalAccount object at 0x000002BA68135D00>\ndriver = <selenium.webdriver.chrome.webdriver.WebDriver (session=\"6c45fe8d295c7b22120ff59092f9f1bf\")>\n\n    @allure.title(\"Переход в раздел «История заказов»\")\n    def test_transition_to_order_history(self, driver):\n        account_page = AccountPage(driver)\n        account_page.personal_account()\n        account_page.fill_email()\n        account_page.fill_password()\n        account_page.login_button()\n>       account_page.personal_account()\n\ntests\\test_Personal_account.py:24: \n_ _ _ _ _ _ _ _ _ _ _ _ _ _ _ _ _ _ _ _ _ _ _ _ _ _ _ _ _ _ _ _ _ _ _ _ _ _ _ _ _ _ _ _ _ _ _ _ _ _ _ _ _ _ _ _ _ _ _ _ _ _ _ _ _ _ _ _ _ _ _ _ _ _ _ _\npages\\Personal_account_page.py:23: in personal_account\n    self.click_element(PersonalAccount.PERSONAL_ACCOUNT)\npages\\Base_page.py:48: in click_element\n    element.click()\nvenv\\Lib\\site-packages\\selenium\\webdriver\\remote\\webelement.py:94: in click\n    self._execute(Command.CLICK_ELEMENT)\nvenv\\Lib\\site-packages\\selenium\\webdriver\\remote\\webelement.py:395: in _execute\n    return self._parent.execute(command, params)\nvenv\\Lib\\site-packages\\selenium\\webdriver\\remote\\webdriver.py:354: in execute\n    self.error_handler.check_response(response)\n_ _ _ _ _ _ _ _ _ _ _ _ _ _ _ _ _ _ _ _ _ _ _ _ _ _ _ _ _ _ _ _ _ _ _ _ _ _ _ _ _ _ _ _ _ _ _ _ _ _ _ _ _ _ _ _ _ _ _ _ _ _ _ _ _ _ _ _ _ _ _ _ _ _ _ _\n\nself = <selenium.webdriver.remote.errorhandler.ErrorHandler object at 0x000002BA6816C8F0>\nresponse = {'status': 400, 'value': '{\"value\":{\"error\":\"element click intercepted\",\"message\":\"element click intercepted: Element ...07FF75380EB79]\\\\n\\\\tBaseThreadInitThunk [0x00007FFDB6CA257D+29]\\\\n\\\\tRtlUserThreadStart [0x00007FFDB888AF08+40]\\\\n\"}}'}\n\n    def check_response(self, response: Dict[str, Any]) -> None:\n        \"\"\"Checks that a JSON response from the WebDriver does not have an\n        error.\n    \n        :Args:\n         - response - The JSON response from the WebDriver server as a dictionary\n           object.\n    \n        :Raises: If the response contains an error message.\n        \"\"\"\n        status = response.get(\"status\", None)\n        if not status or status == ErrorCode.SUCCESS:\n            return\n        value = None\n        message = response.get(\"message\", \"\")\n        screen: str = response.get(\"screen\", \"\")\n        stacktrace = None\n        if isinstance(status, int):\n            value_json = response.get(\"value\", None)\n            if value_json and isinstance(value_json, str):\n                import json\n    \n                try:\n                    value = json.loads(value_json)\n                    if len(value) == 1:\n                        value = value[\"value\"]\n                    status = value.get(\"error\", None)\n                    if not status:\n                        status = value.get(\"status\", ErrorCode.UNKNOWN_ERROR)\n                        message = value.get(\"value\") or value.get(\"message\")\n                        if not isinstance(message, str):\n                            value = message\n                            message = message.get(\"message\")\n                    else:\n                        message = value.get(\"message\", None)\n                except ValueError:\n                    pass\n    \n        exception_class: Type[WebDriverException]\n        e = ErrorCode()\n        error_codes = [item for item in dir(e) if not item.startswith(\"__\")]\n        for error_code in error_codes:\n            error_info = getattr(ErrorCode, error_code)\n            if isinstance(error_info, list) and status in error_info:\n                exception_class = getattr(ExceptionMapping, error_code, WebDriverException)\n                break\n        else:\n            exception_class = WebDriverException\n    \n        if not value:\n            value = response[\"value\"]\n        if isinstance(value, str):\n            raise exception_class(value)\n        if message == \"\" and \"message\" in value:\n            message = value[\"message\"]\n    \n        screen = None  # type: ignore[assignment]\n        if \"screen\" in value:\n            screen = value[\"screen\"]\n    \n        stacktrace = None\n        st_value = value.get(\"stackTrace\") or value.get(\"stacktrace\")\n        if st_value:\n            if isinstance(st_value, str):\n                stacktrace = st_value.split(\"\\n\")\n            else:\n                stacktrace = []\n                try:\n                    for frame in st_value:\n                        line = frame.get(\"lineNumber\", \"\")\n                        file = frame.get(\"fileName\", \"<anonymous>\")\n                        if line:\n                            file = f\"{file}:{line}\"\n                        meth = frame.get(\"methodName\", \"<anonymous>\")\n                        if \"className\" in frame:\n                            meth = f\"{frame['className']}.{meth}\"\n                        msg = \"    at %s (%s)\"\n                        msg = msg % (meth, file)\n                        stacktrace.append(msg)\n                except TypeError:\n                    pass\n        if exception_class == UnexpectedAlertPresentException:\n            alert_text = None\n            if \"data\" in value:\n                alert_text = value[\"data\"].get(\"text\")\n            elif \"alert\" in value:\n                alert_text = value[\"alert\"].get(\"text\")\n            raise exception_class(message, screen, stacktrace, alert_text)  # type: ignore[call-arg]  # mypy is not smart enough here\n>       raise exception_class(message, screen, stacktrace)\nE       selenium.common.exceptions.ElementClickInterceptedException: Message: element click intercepted: Element <p class=\"AppHeader_header__linkText__3q_va ml-2\">...</p> is not clickable at point (1181, 44). Other element would receive the click: <div class=\"Modal_modal_overlay__x2ZCr\"></div>\nE         (Session info: chrome=130.0.6723.92)\nE       Stacktrace:\nE       \tGetHandleVerifier [0x00007FF7538B3AB5+28005]\nE       \t(No symbol) [0x00007FF7538183B0]\nE       \t(No symbol) [0x00007FF7536B580A]\nE       \t(No symbol) [0x00007FF75370D6CE]\nE       \t(No symbol) [0x00007FF75370B16C]\nE       \t(No symbol) [0x00007FF753708628]\nE       \t(No symbol) [0x00007FF75370785D]\nE       \t(No symbol) [0x00007FF7536F990E]\nE       \t(No symbol) [0x00007FF75372BA3A]\nE       \t(No symbol) [0x00007FF7536F9246]\nE       \t(No symbol) [0x00007FF75372BC50]\nE       \t(No symbol) [0x00007FF75374B8B3]\nE       \t(No symbol) [0x00007FF75372B7E3]\nE       \t(No symbol) [0x00007FF7536F75C8]\nE       \t(No symbol) [0x00007FF7536F8731]\nE       \tGetHandleVerifier [0x00007FF753BA643D+3118829]\nE       \tGetHandleVerifier [0x00007FF753BF6C90+3448640]\nE       \tGetHandleVerifier [0x00007FF753BECF0D+3408317]\nE       \tGetHandleVerifier [0x00007FF75397A40B+841403]\nE       \t(No symbol) [0x00007FF75382340F]\nE       \t(No symbol) [0x00007FF75381F484]\nE       \t(No symbol) [0x00007FF75381F61D]\nE       \t(No symbol) [0x00007FF75380EB79]\nE       \tBaseThreadInitThunk [0x00007FFDB6CA257D+29]\nE       \tRtlUserThreadStart [0x00007FFDB888AF08+40]\n\nvenv\\Lib\\site-packages\\selenium\\webdriver\\remote\\errorhandler.py:229: ElementClickInterceptedException"}, "steps": [{"name": "Переход в личный кабинет", "status": "passed", "steps": [{"name": "Ожидаем видимость и кликабельность элемента", "status": "passed", "parameters": [{"name": "locator", "value": "('xpath', \"//p[text() = 'Личный Кабинет']\")"}], "start": 1730442924010, "stop": 1730442924077}, {"name": "Кликаем на элемент", "status": "passed", "steps": [{"name": "Ожидаем видимость и кликабельность элемента", "status": "passed", "parameters": [{"name": "locator", "value": "('xpath', \"//p[text() = 'Личный Кабинет']\")"}], "start": 1730442924077, "stop": 1730442924144}], "parameters": [{"name": "locator", "value": "('xpath', \"//p[text() = 'Личный Кабинет']\")"}], "start": 1730442924077, "stop": 1730442924227}], "start": 1730442924010, "stop": 1730442924227}, {"name": "Заполнение поля email", "status": "passed", "steps": [{"name": "Вводим текст в элемент", "status": "passed", "parameters": [{"name": "locator", "value": "('xpath', \"//label[text() = 'Email']/..//input\")"}, {"name": "text", "value": "'vvlliipp@mail.ru'"}], "start": 1730442924229, "stop": 1730442924385}], "start": 1730442924229, "stop": 1730442924385}, {"name": "Заполнение поля пароля", "status": "passed", "steps": [{"name": "Вводим текст в элемент", "status": "passed", "parameters": [{"name": "locator", "value": "('name', 'Пароль')"}, {"name": "text", "value": "'123456'"}], "start": 1730442924385, "stop": 1730442924485}], "start": 1730442924385, "stop": 1730442924485}, {"name": "Нажатие на кнопку входа", "status": "passed", "steps": [{"name": "Кликаем на элемент", "status": "passed", "steps": [{"name": "Ожидаем видимость и кликабельность элемента", "status": "passed", "parameters": [{"name": "locator", "value": "('xpath', \"//button[text() = 'Войти']\")"}], "start": 1730442924485, "stop": 1730442924577}], "parameters": [{"name": "locator", "value": "('xpath', \"//button[text() = 'Войти']\")"}], "start": 1730442924485, "stop": 1730442924636}], "start": 1730442924485, "stop": 1730442924636}, {"name": "Переход в личный кабинет", "status": "broken", "statusDetails": {"message": "selenium.common.exceptions.ElementClickInterceptedException: Message: element click intercepted: Element <p class=\"AppHeader_header__linkText__3q_va ml-2\">...</p> is not clickable at point (1181, 44). Other element would receive the click: <div class=\"Modal_modal_overlay__x2ZCr\"></div>\n  (Session info: chrome=130.0.6723.92)\nStacktrace:\n\tGetHandleVerifier [0x00007FF7538B3AB5+28005]\n\t(No symbol) [0x00007FF7538183B0]\n\t(No symbol) [0x00007FF7536B580A]\n\t(No symbol) [0x00007FF75370D6CE]\n\t(No symbol) [0x00007FF75370B16C]\n\t(No symbol) [0x00007FF753708628]\n\t(No symbol) [0x00007FF75370785D]\n\t(No symbol) [0x00007FF7536F990E]\n\t(No symbol) [0x00007FF75372BA3A]\n\t(No symbol) [0x00007FF7536F9246]\n\t(No symbol) [0x00007FF75372BC50]\n\t(No symbol) [0x00007FF75374B8B3]\n\t(No symbol) [0x00007FF75372B7E3]\n\t(No symbol) [0x00007FF7536F75C8]\n\t(No symbol) [0x00007FF7536F8731]\n\tGetHandleVerifier [0x00007FF753BA643D+3118829]\n\tGetHandleVerifier [0x00007FF753BF6C90+3448640]\n\tGetHandleVerifier [0x00007FF753BECF0D+3408317]\n\tGetHandleVerifier [0x00007FF75397A40B+841403]\n\t(No symbol) [0x00007FF75382340F]\n\t(No symbol) [0x00007FF75381F484]\n\t(No symbol) [0x00007FF75381F61D]\n\t(No symbol) [0x00007FF75380EB79]\n\tBaseThreadInitThunk [0x00007FFDB6CA257D+29]\n\tRtlUserThreadStart [0x00007FFDB888AF08+40]\n\n", "trace": "  File \"C:\\Users\\Vlada\\Desktop\\Diplom_Vlada_Filippova_10\\Diplom_3\\venv\\Lib\\site-packages\\allure_commons\\_allure.py\", line 192, in impl\n    return func(*a, **kw)\n           ^^^^^^^^^^^^^^\n  File \"C:\\Users\\Vlada\\Desktop\\Diplom_Vlada_Filippova_10\\Diplom_3\\pages\\Personal_account_page.py\", line 23, in personal_account\n    self.click_element(PersonalAccount.PERSONAL_ACCOUNT)\n  File \"C:\\Users\\Vlada\\Desktop\\Diplom_Vlada_Filippova_10\\Diplom_3\\venv\\Lib\\site-packages\\allure_commons\\_allure.py\", line 192, in impl\n    return func(*a, **kw)\n           ^^^^^^^^^^^^^^\n  File \"C:\\Users\\Vlada\\Desktop\\Diplom_Vlada_Filippova_10\\Diplom_3\\pages\\Base_page.py\", line 48, in click_element\n    element.click()\n  File \"C:\\Users\\Vlada\\Desktop\\Diplom_Vlada_Filippova_10\\Diplom_3\\venv\\Lib\\site-packages\\selenium\\webdriver\\remote\\webelement.py\", line 94, in click\n    self._execute(Command.CLICK_ELEMENT)\n  File \"C:\\Users\\Vlada\\Desktop\\Diplom_Vlada_Filippova_10\\Diplom_3\\venv\\Lib\\site-packages\\selenium\\webdriver\\remote\\webelement.py\", line 395, in _execute\n    return self._parent.execute(command, params)\n           ^^^^^^^^^^^^^^^^^^^^^^^^^^^^^^^^^^^^^\n  File \"C:\\Users\\Vlada\\Desktop\\Diplom_Vlada_Filippova_10\\Diplom_3\\venv\\Lib\\site-packages\\selenium\\webdriver\\remote\\webdriver.py\", line 354, in execute\n    self.error_handler.check_response(response)\n  File \"C:\\Users\\Vlada\\Desktop\\Diplom_Vlada_Filippova_10\\Diplom_3\\venv\\Lib\\site-packages\\selenium\\webdriver\\remote\\errorhandler.py\", line 229, in check_response\n    raise exception_class(message, screen, stacktrace)\n"}, "steps": [{"name": "Ожидаем видимость и кликабельность элемента", "status": "passed", "parameters": [{"name": "locator", "value": "('xpath', \"//p[text() = 'Личный Кабинет']\")"}], "start": 1730442924636, "stop": 1730442924691}, {"name": "Кликаем на элемент", "status": "broken", "statusDetails": {"message": "selenium.common.exceptions.ElementClickInterceptedException: Message: element click intercepted: Element <p class=\"AppHeader_header__linkText__3q_va ml-2\">...</p> is not clickable at point (1181, 44). Other element would receive the click: <div class=\"Modal_modal_overlay__x2ZCr\"></div>\n  (Session info: chrome=130.0.6723.92)\nStacktrace:\n\tGetHandleVerifier [0x00007FF7538B3AB5+28005]\n\t(No symbol) [0x00007FF7538183B0]\n\t(No symbol) [0x00007FF7536B580A]\n\t(No symbol) [0x00007FF75370D6CE]\n\t(No symbol) [0x00007FF75370B16C]\n\t(No symbol) [0x00007FF753708628]\n\t(No symbol) [0x00007FF75370785D]\n\t(No symbol) [0x00007FF7536F990E]\n\t(No symbol) [0x00007FF75372BA3A]\n\t(No symbol) [0x00007FF7536F9246]\n\t(No symbol) [0x00007FF75372BC50]\n\t(No symbol) [0x00007FF75374B8B3]\n\t(No symbol) [0x00007FF75372B7E3]\n\t(No symbol) [0x00007FF7536F75C8]\n\t(No symbol) [0x00007FF7536F8731]\n\tGetHandleVerifier [0x00007FF753BA643D+3118829]\n\tGetHandleVerifier [0x00007FF753BF6C90+3448640]\n\tGetHandleVerifier [0x00007FF753BECF0D+3408317]\n\tGetHandleVerifier [0x00007FF75397A40B+841403]\n\t(No symbol) [0x00007FF75382340F]\n\t(No symbol) [0x00007FF75381F484]\n\t(No symbol) [0x00007FF75381F61D]\n\t(No symbol) [0x00007FF75380EB79]\n\tBaseThreadInitThunk [0x00007FFDB6CA257D+29]\n\tRtlUserThreadStart [0x00007FFDB888AF08+40]\n\n", "trace": "  File \"C:\\Users\\Vlada\\Desktop\\Diplom_Vlada_Filippova_10\\Diplom_3\\venv\\Lib\\site-packages\\allure_commons\\_allure.py\", line 192, in impl\n    return func(*a, **kw)\n           ^^^^^^^^^^^^^^\n  File \"C:\\Users\\Vlada\\Desktop\\Diplom_Vlada_Filippova_10\\Diplom_3\\pages\\Base_page.py\", line 48, in click_element\n    element.click()\n  File \"C:\\Users\\Vlada\\Desktop\\Diplom_Vlada_Filippova_10\\Diplom_3\\venv\\Lib\\site-packages\\selenium\\webdriver\\remote\\webelement.py\", line 94, in click\n    self._execute(Command.CLICK_ELEMENT)\n  File \"C:\\Users\\Vlada\\Desktop\\Diplom_Vlada_Filippova_10\\Diplom_3\\venv\\Lib\\site-packages\\selenium\\webdriver\\remote\\webelement.py\", line 395, in _execute\n    return self._parent.execute(command, params)\n           ^^^^^^^^^^^^^^^^^^^^^^^^^^^^^^^^^^^^^\n  File \"C:\\Users\\Vlada\\Desktop\\Diplom_Vlada_Filippova_10\\Diplom_3\\venv\\Lib\\site-packages\\selenium\\webdriver\\remote\\webdriver.py\", line 354, in execute\n    self.error_handler.check_response(response)\n  File \"C:\\Users\\Vlada\\Desktop\\Diplom_Vlada_Filippova_10\\Diplom_3\\venv\\Lib\\site-packages\\selenium\\webdriver\\remote\\errorhandler.py\", line 229, in check_response\n    raise exception_class(message, screen, stacktrace)\n"}, "steps": [{"name": "Ожидаем видимость и кликабельность элемента", "status": "passed", "parameters": [{"name": "locator", "value": "('xpath', \"//p[text() = 'Личный Кабинет']\")"}], "start": 1730442924691, "stop": 1730442924755}], "parameters": [{"name": "locator", "value": "('xpath', \"//p[text() = 'Личный Кабинет']\")"}], "start": 1730442924691, "stop": 1730442925877}], "start": 1730442924636, "stop": 1730442925877}], "parameters": [{"name": "driver", "value": "'chrome'"}], "start": 1730442924010, "stop": 1730442925877, "uuid": "7a9dd7dc-3f02-43ab-a433-04fd2ab9456a", "historyId": "ca6749508111f94dd5acb8936b02d85d", "testCaseId": "b7ddef015ff147a448d3dda6856c4899", "fullName": "tests.test_Personal_account.TestPersonalAccount#test_transition_to_order_history", "labels": [{"name": "parentSuite", "value": "tests"}, {"name": "suite", "value": "test_Personal_account"}, {"name": "subSuite", "value": "TestPersonalAccount"}, {"name": "host", "value": "DESKTOP-COFSJ1F"}, {"name": "thread", "value": "42228-MainThread"}, {"name": "framework", "value": "pytest"}, {"name": "language", "value": "cpython3"}, {"name": "package", "value": "tests.test_Personal_account"}]}