{"name": "Выход из аккаунта", "status": "broken", "statusDetails": {"message": "selenium.common.exceptions.ElementClickInterceptedException: Message: Element <p class=\"AppHeader_header__linkText__3q_va ml-2\"> is not clickable at point (1192,44) because another element <div class=\"Modal_modal_overlay__x2ZCr\"> obscures it\nStacktrace:\nRemoteError@chrome://remote/content/shared/RemoteError.sys.mjs:8:8\nWebDriverError@chrome://remote/content/shared/webdriver/Errors.sys.mjs:193:5\nElementClickInterceptedError@chrome://remote/content/shared/webdriver/Errors.sys.mjs:337:5\nwebdriverClickElement@chrome://remote/content/marionette/interaction.sys.mjs:177:11\ninteraction.clickElement@chrome://remote/content/marionette/interaction.sys.mjs:136:11\nclickElement@chrome://remote/content/marionette/actors/MarionetteCommandsChild.sys.mjs:205:29\nreceiveMessage@chrome://remote/content/marionette/actors/MarionetteCommandsChild.sys.mjs:85:31", "trace": "self = <tests.test_Personal_account.TestPersonalAccount object at 0x000002401893DFA0>\ndriver = <selenium.webdriver.firefox.webdriver.WebDriver (session=\"50e6150d-bd95-487c-b99f-389d35380d40\")>\n\n    @allure.title(\"Выход из аккаунта\")\n    def test_logout_from_account(self, driver):\n        account_page = AccountPage(driver)\n        account_page.personal_account()\n        account_page.fill_email()\n        account_page.fill_password()\n        account_page.login_button()\n>       account_page.personal_account()\n\ntests\\test_Personal_account.py:35: \n_ _ _ _ _ _ _ _ _ _ _ _ _ _ _ _ _ _ _ _ _ _ _ _ _ _ _ _ _ _ _ _ _ _ _ _ _ _ _ _ _ _ _ _ _ _ _ _ _ _ _ _ _ _ _ _ _ _ _ _ _ _ _ _ _ _ _ _ _ _ _ _ _ _ _ _\npages\\Personal_account_page.py:23: in personal_account\n    self.click_element(PersonalAccount.PERSONAL_ACCOUNT)\npages\\Base_page.py:48: in click_element\n    element.click()\nvenv\\Lib\\site-packages\\selenium\\webdriver\\remote\\webelement.py:94: in click\n    self._execute(Command.CLICK_ELEMENT)\nvenv\\Lib\\site-packages\\selenium\\webdriver\\remote\\webelement.py:395: in _execute\n    return self._parent.execute(command, params)\nvenv\\Lib\\site-packages\\selenium\\webdriver\\remote\\webdriver.py:354: in execute\n    self.error_handler.check_response(response)\n_ _ _ _ _ _ _ _ _ _ _ _ _ _ _ _ _ _ _ _ _ _ _ _ _ _ _ _ _ _ _ _ _ _ _ _ _ _ _ _ _ _ _ _ _ _ _ _ _ _ _ _ _ _ _ _ _ _ _ _ _ _ _ _ _ _ _ _ _ _ _ _ _ _ _ _\n\nself = <selenium.webdriver.remote.errorhandler.ErrorHandler object at 0x0000024018956360>\nresponse = {'status': 400, 'value': '{\"value\":{\"error\":\"element click intercepted\",\"message\":\"Element <p class=\\\\\"AppHeader_heade...sys.mjs:205:29\\\\nreceiveMessage@chrome://remote/content/marionette/actors/MarionetteCommandsChild.sys.mjs:85:31\\\\n\"}}'}\n\n    def check_response(self, response: Dict[str, Any]) -> None:\n        \"\"\"Checks that a JSON response from the WebDriver does not have an\n        error.\n    \n        :Args:\n         - response - The JSON response from the WebDriver server as a dictionary\n           object.\n    \n        :Raises: If the response contains an error message.\n        \"\"\"\n        status = response.get(\"status\", None)\n        if not status or status == ErrorCode.SUCCESS:\n            return\n        value = None\n        message = response.get(\"message\", \"\")\n        screen: str = response.get(\"screen\", \"\")\n        stacktrace = None\n        if isinstance(status, int):\n            value_json = response.get(\"value\", None)\n            if value_json and isinstance(value_json, str):\n                import json\n    \n                try:\n                    value = json.loads(value_json)\n                    if len(value) == 1:\n                        value = value[\"value\"]\n                    status = value.get(\"error\", None)\n                    if not status:\n                        status = value.get(\"status\", ErrorCode.UNKNOWN_ERROR)\n                        message = value.get(\"value\") or value.get(\"message\")\n                        if not isinstance(message, str):\n                            value = message\n                            message = message.get(\"message\")\n                    else:\n                        message = value.get(\"message\", None)\n                except ValueError:\n                    pass\n    \n        exception_class: Type[WebDriverException]\n        e = ErrorCode()\n        error_codes = [item for item in dir(e) if not item.startswith(\"__\")]\n        for error_code in error_codes:\n            error_info = getattr(ErrorCode, error_code)\n            if isinstance(error_info, list) and status in error_info:\n                exception_class = getattr(ExceptionMapping, error_code, WebDriverException)\n                break\n        else:\n            exception_class = WebDriverException\n    \n        if not value:\n            value = response[\"value\"]\n        if isinstance(value, str):\n            raise exception_class(value)\n        if message == \"\" and \"message\" in value:\n            message = value[\"message\"]\n    \n        screen = None  # type: ignore[assignment]\n        if \"screen\" in value:\n            screen = value[\"screen\"]\n    \n        stacktrace = None\n        st_value = value.get(\"stackTrace\") or value.get(\"stacktrace\")\n        if st_value:\n            if isinstance(st_value, str):\n                stacktrace = st_value.split(\"\\n\")\n            else:\n                stacktrace = []\n                try:\n                    for frame in st_value:\n                        line = frame.get(\"lineNumber\", \"\")\n                        file = frame.get(\"fileName\", \"<anonymous>\")\n                        if line:\n                            file = f\"{file}:{line}\"\n                        meth = frame.get(\"methodName\", \"<anonymous>\")\n                        if \"className\" in frame:\n                            meth = f\"{frame['className']}.{meth}\"\n                        msg = \"    at %s (%s)\"\n                        msg = msg % (meth, file)\n                        stacktrace.append(msg)\n                except TypeError:\n                    pass\n        if exception_class == UnexpectedAlertPresentException:\n            alert_text = None\n            if \"data\" in value:\n                alert_text = value[\"data\"].get(\"text\")\n            elif \"alert\" in value:\n                alert_text = value[\"alert\"].get(\"text\")\n            raise exception_class(message, screen, stacktrace, alert_text)  # type: ignore[call-arg]  # mypy is not smart enough here\n>       raise exception_class(message, screen, stacktrace)\nE       selenium.common.exceptions.ElementClickInterceptedException: Message: Element <p class=\"AppHeader_header__linkText__3q_va ml-2\"> is not clickable at point (1192,44) because another element <div class=\"Modal_modal_overlay__x2ZCr\"> obscures it\nE       Stacktrace:\nE       RemoteError@chrome://remote/content/shared/RemoteError.sys.mjs:8:8\nE       WebDriverError@chrome://remote/content/shared/webdriver/Errors.sys.mjs:193:5\nE       ElementClickInterceptedError@chrome://remote/content/shared/webdriver/Errors.sys.mjs:337:5\nE       webdriverClickElement@chrome://remote/content/marionette/interaction.sys.mjs:177:11\nE       interaction.clickElement@chrome://remote/content/marionette/interaction.sys.mjs:136:11\nE       clickElement@chrome://remote/content/marionette/actors/MarionetteCommandsChild.sys.mjs:205:29\nE       receiveMessage@chrome://remote/content/marionette/actors/MarionetteCommandsChild.sys.mjs:85:31\n\nvenv\\Lib\\site-packages\\selenium\\webdriver\\remote\\errorhandler.py:229: ElementClickInterceptedException"}, "steps": [{"name": "Переход в личный кабинет", "status": "passed", "steps": [{"name": "Ожидаем видимость и кликабельность элемента", "status": "passed", "parameters": [{"name": "locator", "value": "('xpath', \"//p[text() = 'Личный Кабинет']\")"}], "start": 1730442714921, "stop": 1730442714978}, {"name": "Кликаем на элемент", "status": "passed", "steps": [{"name": "Ожидаем видимость и кликабельность элемента", "status": "passed", "parameters": [{"name": "locator", "value": "('xpath', \"//p[text() = 'Личный Кабинет']\")"}], "start": 1730442714979, "stop": 1730442715013}], "parameters": [{"name": "locator", "value": "('xpath', \"//p[text() = 'Личный Кабинет']\")"}], "start": 1730442714979, "stop": 1730442715279}], "start": 1730442714921, "stop": 1730442715280}, {"name": "Заполнение поля email", "status": "passed", "steps": [{"name": "Вводим текст в элемент", "status": "passed", "parameters": [{"name": "locator", "value": "('xpath', \"//label[text() = 'Email']/..//input\")"}, {"name": "text", "value": "'vvlliipp@mail.ru'"}], "start": 1730442715280, "stop": 1730442715343}], "start": 1730442715280, "stop": 1730442715343}, {"name": "Заполнение поля пароля", "status": "passed", "steps": [{"name": "Вводим текст в элемент", "status": "passed", "parameters": [{"name": "locator", "value": "('name', 'Пароль')"}, {"name": "text", "value": "'123456'"}], "start": 1730442715344, "stop": 1730442715368}], "start": 1730442715344, "stop": 1730442715368}, {"name": "Нажатие на кнопку входа", "status": "passed", "steps": [{"name": "Кликаем на элемент", "status": "passed", "steps": [{"name": "Ожидаем видимость и кликабельность элемента", "status": "passed", "parameters": [{"name": "locator", "value": "('xpath', \"//button[text() = 'Войти']\")"}], "start": 1730442715369, "stop": 1730442715407}], "parameters": [{"name": "locator", "value": "('xpath', \"//button[text() = 'Войти']\")"}], "start": 1730442715369, "stop": 1730442715653}], "start": 1730442715369, "stop": 1730442715654}, {"name": "Переход в личный кабинет", "status": "broken", "statusDetails": {"message": "selenium.common.exceptions.ElementClickInterceptedException: Message: Element <p class=\"AppHeader_header__linkText__3q_va ml-2\"> is not clickable at point (1192,44) because another element <div class=\"Modal_modal_overlay__x2ZCr\"> obscures it\nStacktrace:\nRemoteError@chrome://remote/content/shared/RemoteError.sys.mjs:8:8\nWebDriverError@chrome://remote/content/shared/webdriver/Errors.sys.mjs:193:5\nElementClickInterceptedError@chrome://remote/content/shared/webdriver/Errors.sys.mjs:337:5\nwebdriverClickElement@chrome://remote/content/marionette/interaction.sys.mjs:177:11\ninteraction.clickElement@chrome://remote/content/marionette/interaction.sys.mjs:136:11\nclickElement@chrome://remote/content/marionette/actors/MarionetteCommandsChild.sys.mjs:205:29\nreceiveMessage@chrome://remote/content/marionette/actors/MarionetteCommandsChild.sys.mjs:85:31\n\n", "trace": "  File \"C:\\Users\\Vlada\\Desktop\\Diplom_Vlada_Filippova_10\\Diplom_3\\venv\\Lib\\site-packages\\allure_commons\\_allure.py\", line 192, in impl\n    return func(*a, **kw)\n           ^^^^^^^^^^^^^^\n  File \"C:\\Users\\Vlada\\Desktop\\Diplom_Vlada_Filippova_10\\Diplom_3\\pages\\Personal_account_page.py\", line 23, in personal_account\n    self.click_element(PersonalAccount.PERSONAL_ACCOUNT)\n  File \"C:\\Users\\Vlada\\Desktop\\Diplom_Vlada_Filippova_10\\Diplom_3\\venv\\Lib\\site-packages\\allure_commons\\_allure.py\", line 192, in impl\n    return func(*a, **kw)\n           ^^^^^^^^^^^^^^\n  File \"C:\\Users\\Vlada\\Desktop\\Diplom_Vlada_Filippova_10\\Diplom_3\\pages\\Base_page.py\", line 48, in click_element\n    element.click()\n  File \"C:\\Users\\Vlada\\Desktop\\Diplom_Vlada_Filippova_10\\Diplom_3\\venv\\Lib\\site-packages\\selenium\\webdriver\\remote\\webelement.py\", line 94, in click\n    self._execute(Command.CLICK_ELEMENT)\n  File \"C:\\Users\\Vlada\\Desktop\\Diplom_Vlada_Filippova_10\\Diplom_3\\venv\\Lib\\site-packages\\selenium\\webdriver\\remote\\webelement.py\", line 395, in _execute\n    return self._parent.execute(command, params)\n           ^^^^^^^^^^^^^^^^^^^^^^^^^^^^^^^^^^^^^\n  File \"C:\\Users\\Vlada\\Desktop\\Diplom_Vlada_Filippova_10\\Diplom_3\\venv\\Lib\\site-packages\\selenium\\webdriver\\remote\\webdriver.py\", line 354, in execute\n    self.error_handler.check_response(response)\n  File \"C:\\Users\\Vlada\\Desktop\\Diplom_Vlada_Filippova_10\\Diplom_3\\venv\\Lib\\site-packages\\selenium\\webdriver\\remote\\errorhandler.py\", line 229, in check_response\n    raise exception_class(message, screen, stacktrace)\n"}, "steps": [{"name": "Ожидаем видимость и кликабельность элемента", "status": "passed", "parameters": [{"name": "locator", "value": "('xpath', \"//p[text() = 'Личный Кабинет']\")"}], "start": 1730442715654, "stop": 1730442715685}, {"name": "Кликаем на элемент", "status": "broken", "statusDetails": {"message": "selenium.common.exceptions.ElementClickInterceptedException: Message: Element <p class=\"AppHeader_header__linkText__3q_va ml-2\"> is not clickable at point (1192,44) because another element <div class=\"Modal_modal_overlay__x2ZCr\"> obscures it\nStacktrace:\nRemoteError@chrome://remote/content/shared/RemoteError.sys.mjs:8:8\nWebDriverError@chrome://remote/content/shared/webdriver/Errors.sys.mjs:193:5\nElementClickInterceptedError@chrome://remote/content/shared/webdriver/Errors.sys.mjs:337:5\nwebdriverClickElement@chrome://remote/content/marionette/interaction.sys.mjs:177:11\ninteraction.clickElement@chrome://remote/content/marionette/interaction.sys.mjs:136:11\nclickElement@chrome://remote/content/marionette/actors/MarionetteCommandsChild.sys.mjs:205:29\nreceiveMessage@chrome://remote/content/marionette/actors/MarionetteCommandsChild.sys.mjs:85:31\n\n", "trace": "  File \"C:\\Users\\Vlada\\Desktop\\Diplom_Vlada_Filippova_10\\Diplom_3\\venv\\Lib\\site-packages\\allure_commons\\_allure.py\", line 192, in impl\n    return func(*a, **kw)\n           ^^^^^^^^^^^^^^\n  File \"C:\\Users\\Vlada\\Desktop\\Diplom_Vlada_Filippova_10\\Diplom_3\\pages\\Base_page.py\", line 48, in click_element\n    element.click()\n  File \"C:\\Users\\Vlada\\Desktop\\Diplom_Vlada_Filippova_10\\Diplom_3\\venv\\Lib\\site-packages\\selenium\\webdriver\\remote\\webelement.py\", line 94, in click\n    self._execute(Command.CLICK_ELEMENT)\n  File \"C:\\Users\\Vlada\\Desktop\\Diplom_Vlada_Filippova_10\\Diplom_3\\venv\\Lib\\site-packages\\selenium\\webdriver\\remote\\webelement.py\", line 395, in _execute\n    return self._parent.execute(command, params)\n           ^^^^^^^^^^^^^^^^^^^^^^^^^^^^^^^^^^^^^\n  File \"C:\\Users\\Vlada\\Desktop\\Diplom_Vlada_Filippova_10\\Diplom_3\\venv\\Lib\\site-packages\\selenium\\webdriver\\remote\\webdriver.py\", line 354, in execute\n    self.error_handler.check_response(response)\n  File \"C:\\Users\\Vlada\\Desktop\\Diplom_Vlada_Filippova_10\\Diplom_3\\venv\\Lib\\site-packages\\selenium\\webdriver\\remote\\errorhandler.py\", line 229, in check_response\n    raise exception_class(message, screen, stacktrace)\n"}, "steps": [{"name": "Ожидаем видимость и кликабельность элемента", "status": "passed", "parameters": [{"name": "locator", "value": "('xpath', \"//p[text() = 'Личный Кабинет']\")"}], "start": 1730442715686, "stop": 1730442715719}], "parameters": [{"name": "locator", "value": "('xpath', \"//p[text() = 'Личный Кабинет']\")"}], "start": 1730442715686, "stop": 1730442715724}], "start": 1730442715654, "stop": 1730442715725}], "parameters": [{"name": "driver", "value": "'firefox'"}], "start": 1730442714920, "stop": 1730442715727, "uuid": "b505cda5-6ab4-45d5-871c-d51fae4a7a38", "historyId": "35d705e47de6c47490202ef32cf20b51", "testCaseId": "5bde18c25b1a0daef174e00b8e2f4f99", "fullName": "tests.test_Personal_account.TestPersonalAccount#test_logout_from_account", "labels": [{"name": "parentSuite", "value": "tests"}, {"name": "suite", "value": "test_Personal_account"}, {"name": "subSuite", "value": "TestPersonalAccount"}, {"name": "host", "value": "DESKTOP-COFSJ1F"}, {"name": "thread", "value": "31908-MainThread"}, {"name": "framework", "value": "pytest"}, {"name": "language", "value": "cpython3"}, {"name": "package", "value": "tests.test_Personal_account"}]}